Info in <ReadCaLibData>: Registered 36 data definitions
Info in <ReadCaLibTypes>: Registered 26 type definitions
Info in <ReadConfigFile>: Reading configuration file '/home/chris/CaLib/config/config.cfg'
Info in <TCMySQLManager>: Connected to the database '$HOME/acqu/acqu_user/data.2016.08/CaLib.db' using CaLib 0.3.0beta
Info in <DumpRuns>: Dumped run 14566
Info in <DumpRuns>: Dumped run 14567
Info in <DumpRuns>: Dumped run 14576
Info in <DumpRuns>: Dumped run 14577
Info in <DumpRuns>: Dumped run 14578
Info in <DumpRuns>: Dumped run 14579
Info in <DumpRuns>: Dumped run 14580
Info in <DumpRuns>: Dumped run 14581
Info in <DumpRuns>: Dumped run 14582
Info in <DumpRuns>: Dumped run 14583
Info in <DumpRuns>: Dumped run 14584
Info in <DumpRuns>: Dumped run 14585
Info in <DumpRuns>: Dumped run 14586
Info in <DumpRuns>: Dumped run 14587
Info in <DumpRuns>: Dumped run 14588
Info in <DumpRuns>: Dumped run 14589
Info in <DumpRuns>: Dumped run 14590
Info in <DumpRuns>: Dumped run 14591
Info in <DumpRuns>: Dumped run 14592
Info in <DumpRuns>: Dumped run 14593
Info in <DumpRuns>: Dumped run 14594
Info in <DumpRuns>: Dumped run 14595
Info in <DumpRuns>: Dumped run 14596
Info in <DumpRuns>: Dumped run 14597
Info in <DumpRuns>: Dumped run 14598
Info in <DumpRuns>: Dumped run 14599
Info in <DumpRuns>: Dumped run 14600
Info in <DumpRuns>: Dumped run 14601
Info in <DumpRuns>: Dumped run 14602
Info in <DumpRuns>: Dumped run 14603
Info in <DumpRuns>: Dumped run 14604
Info in <DumpRuns>: Dumped run 14605
Info in <DumpRuns>: Dumped run 14606
Info in <DumpRuns>: Dumped run 14607
Info in <DumpRuns>: Dumped run 14608
Info in <DumpRuns>: Dumped run 14609
Info in <DumpRuns>: Dumped run 14610
Info in <DumpRuns>: Dumped run 14611
Info in <DumpRuns>: Dumped run 14612
Info in <DumpRuns>: Dumped run 14613
Info in <DumpRuns>: Dumped run 14614
Info in <DumpRuns>: Dumped run 14615
Info in <DumpRuns>: Dumped run 14616
Info in <DumpRuns>: Dumped run 14617
Info in <DumpRuns>: Dumped run 14618
Info in <DumpRuns>: Dumped run 14619
Info in <DumpRuns>: Dumped run 14620
Info in <DumpRuns>: Dumped run 14624
Info in <DumpRuns>: Dumped run 14625
Info in <DumpRuns>: Dumped run 14626
Info in <DumpRuns>: Dumped run 14627
Info in <DumpRuns>: Dumped run 14628
Info in <DumpRuns>: Dumped run 14629
Info in <DumpRuns>: Dumped run 14630
Info in <DumpRuns>: Dumped run 14631
Info in <DumpRuns>: Dumped run 14632
Info in <DumpRuns>: Dumped run 14633
Info in <DumpRuns>: Dumped run 14634
Info in <DumpRuns>: Dumped run 14635
Info in <DumpRuns>: Dumped run 14636
Info in <DumpRuns>: Dumped run 14637
Info in <DumpRuns>: Dumped run 14638
Info in <DumpRuns>: Dumped run 14639
Info in <DumpRuns>: Dumped run 14640
Info in <DumpRuns>: Dumped run 14641
Info in <DumpRuns>: Dumped run 14642
Info in <DumpRuns>: Dumped run 14643
Info in <DumpRuns>: Dumped run 14644
Info in <DumpRuns>: Dumped run 14645
Info in <DumpRuns>: Dumped run 14647
Info in <DumpRuns>: Dumped run 14648
Info in <DumpRuns>: Dumped run 14649
Info in <DumpRuns>: Dumped run 14650
Info in <DumpRuns>: Dumped run 14651
Info in <DumpRuns>: Dumped run 14652
Info in <DumpRuns>: Dumped run 14653
Info in <DumpRuns>: Dumped run 14654
Info in <DumpRuns>: Dumped run 14655
Info in <DumpRuns>: Dumped run 14656
Info in <DumpRuns>: Dumped run 14657
Info in <DumpRuns>: Dumped run 14658
Info in <DumpRuns>: Dumped run 14659
Info in <DumpRuns>: Dumped run 14660
Info in <DumpRuns>: Dumped run 14661
Info in <DumpRuns>: Dumped run 14662
Info in <DumpRuns>: Dumped run 14663
Info in <DumpRuns>: Dumped run 14664
Info in <DumpRuns>: Dumped run 14665
Info in <DumpRuns>: Dumped run 14666
Info in <DumpRuns>: Dumped run 14667
Info in <DumpRuns>: Dumped run 14668
Info in <DumpRuns>: Dumped run 14669
Info in <DumpRuns>: Dumped run 14670
Info in <DumpRuns>: Dumped run 14671
Info in <DumpRuns>: Dumped run 14672
Info in <DumpRuns>: Dumped run 14673
Info in <DumpRuns>: Dumped run 14674
Info in <DumpRuns>: Dumped run 14675
Info in <DumpRuns>: Dumped run 14676
Info in <DumpRuns>: Dumped run 14677
Info in <DumpRuns>: Dumped run 14678
Info in <DumpRuns>: Dumped run 14679
Info in <DumpRuns>: Dumped run 14680
Info in <DumpRuns>: Dumped run 14681
Info in <DumpRuns>: Dumped run 14682
Info in <DumpRuns>: Dumped run 14683
Info in <DumpRuns>: Dumped run 14684
Info in <DumpRuns>: Dumped run 14685
Info in <DumpRuns>: Dumped run 14686
Info in <DumpRuns>: Dumped run 14687
Info in <DumpRuns>: Dumped run 14688
Info in <DumpRuns>: Dumped run 14689
Info in <DumpRuns>: Dumped run 14690
Info in <DumpRuns>: Dumped run 14691
Info in <DumpRuns>: Dumped run 14692
Info in <DumpRuns>: Dumped run 14693
Info in <DumpRuns>: Dumped run 14694
Info in <DumpRuns>: Dumped run 14695
Info in <DumpRuns>: Dumped run 14696
Info in <DumpRuns>: Dumped run 14697
Info in <DumpRuns>: Dumped run 14698
Info in <DumpRuns>: Dumped run 14699
Info in <DumpRuns>: Dumped run 14700
Info in <DumpRuns>: Dumped run 14701
Info in <DumpRuns>: Dumped run 14702
Info in <DumpRuns>: Dumped run 14703
Info in <DumpRuns>: Dumped run 14704
Info in <DumpRuns>: Dumped run 14705
Info in <DumpRuns>: Dumped run 14706
Info in <DumpRuns>: Dumped run 14707
Info in <DumpRuns>: Dumped run 14708
Info in <DumpRuns>: Dumped run 14709
Info in <DumpRuns>: Dumped run 14710
Info in <DumpRuns>: Dumped run 14711
Info in <DumpRuns>: Dumped run 14712
Info in <DumpRuns>: Dumped run 14713
Info in <DumpRuns>: Dumped run 14714
Info in <DumpRuns>: Dumped run 14715
Info in <DumpRuns>: Dumped run 14716
Info in <DumpRuns>: Dumped run 14717
Info in <DumpRuns>: Dumped run 14718
Info in <DumpRuns>: Dumped run 14719
Info in <DumpRuns>: Dumped run 14720
Info in <DumpRuns>: Dumped run 14721
Info in <DumpRuns>: Dumped run 14722
Info in <DumpRuns>: Dumped run 14723
Info in <DumpRuns>: Dumped run 14724
Info in <DumpRuns>: Dumped run 14725
Info in <DumpRuns>: Dumped run 14726
Info in <DumpRuns>: Dumped run 14727
Info in <DumpRuns>: Dumped run 14728
Info in <DumpRuns>: Dumped run 14729
Info in <DumpRuns>: Dumped run 14730
Info in <DumpRuns>: Dumped run 14731
Info in <DumpRuns>: Dumped run 14732
Info in <DumpRuns>: Dumped run 14733
Info in <DumpRuns>: Dumped run 14734
Info in <DumpRuns>: Dumped run 14735
Info in <DumpRuns>: Dumped run 14736
Info in <DumpRuns>: Dumped run 14737
Info in <DumpRuns>: Dumped run 14738
Info in <DumpRuns>: Dumped run 14739
Info in <DumpRuns>: Dumped run 14740
Info in <DumpRuns>: Dumped run 14741
Info in <DumpRuns>: Dumped run 14742
Info in <DumpRuns>: Dumped run 14743
Info in <DumpRuns>: Dumped run 14744
Info in <DumpRuns>: Dumped run 14745
Info in <DumpRuns>: Dumped run 14746
Info in <DumpRuns>: Dumped run 14747
Info in <DumpRuns>: Dumped run 14748
Info in <DumpRuns>: Dumped run 14749
Info in <DumpRuns>: Dumped run 14750
Info in <DumpRuns>: Dumped run 14751
Info in <DumpRuns>: Dumped run 14752
Info in <DumpRuns>: Dumped run 14753
Info in <DumpRuns>: Dumped run 14754
Info in <DumpRuns>: Dumped run 14755
Info in <DumpRuns>: Dumped run 14756
Info in <DumpRuns>: Dumped run 14757
Info in <DumpRuns>: Dumped run 14758
Info in <DumpRuns>: Dumped run 14759
Info in <DumpRuns>: Dumped run 14760
Info in <DumpRuns>: Dumped run 14761
Info in <DumpRuns>: Dumped run 14762
Info in <DumpRuns>: Dumped run 14763
Info in <DumpRuns>: Dumped run 14764
Info in <DumpRuns>: Dumped run 14765
Info in <DumpRuns>: Dumped run 14766
Info in <DumpRuns>: Dumped run 14767
Info in <DumpRuns>: Dumped run 14768
Info in <DumpRuns>: Dumped run 14769
Info in <DumpRuns>: Dumped run 14770
Info in <DumpRuns>: Dumped run 14771
Info in <DumpRuns>: Dumped run 14772
Info in <DumpRuns>: Dumped run 14773
Info in <DumpRuns>: Dumped run 14774
Info in <DumpRuns>: Dumped run 14775
Info in <DumpRuns>: Dumped run 14776
Info in <DumpRuns>: Dumped run 14777
Info in <DumpRuns>: Dumped run 14778
Info in <DumpRuns>: Dumped run 14779
Info in <DumpRuns>: Dumped run 14780
Info in <DumpRuns>: Dumped run 14781
Info in <DumpRuns>: Dumped run 14782
Info in <DumpRuns>: Dumped run 14783
Info in <DumpRuns>: Dumped run 14784
Info in <DumpRuns>: Dumped run 14785
Info in <DumpRuns>: Dumped run 14786
Info in <DumpRuns>: Dumped run 14787
Info in <DumpRuns>: Dumped run 14788
Info in <DumpRuns>: Dumped run 14789
Info in <DumpRuns>: Dumped run 14790
Info in <DumpRuns>: Dumped run 14791
Info in <DumpRuns>: Dumped run 14792
Info in <DumpRuns>: Dumped run 14793
Info in <DumpRuns>: Dumped run 14794
Info in <DumpRuns>: Dumped run 14795
Info in <DumpRuns>: Dumped run 14796
Info in <DumpRuns>: Dumped run 14797
Info in <DumpRuns>: Dumped run 14798
Info in <DumpRuns>: Dumped run 14799
Info in <DumpRuns>: Dumped run 14800
Info in <DumpRuns>: Dumped run 14801
Info in <DumpRuns>: Dumped run 14802
Info in <DumpRuns>: Dumped run 14803
Info in <DumpRuns>: Dumped run 14804
Info in <DumpRuns>: Dumped run 14805
Info in <DumpRuns>: Dumped run 14806
Info in <DumpRuns>: Dumped run 14807
Info in <DumpRuns>: Dumped run 14808
Info in <DumpRuns>: Dumped run 14809
Info in <DumpRuns>: Dumped run 14810
Info in <DumpRuns>: Dumped run 14811
Info in <DumpRuns>: Dumped run 14812
Info in <DumpRuns>: Dumped run 14813
Info in <DumpRuns>: Dumped run 14814
Info in <DumpRuns>: Dumped run 14815
Info in <DumpRuns>: Dumped run 14816
Info in <DumpRuns>: Dumped run 14817
Info in <DumpRuns>: Dumped run 14818
Info in <DumpRuns>: Dumped run 14819
Info in <DumpRuns>: Dumped run 14820
Info in <DumpRuns>: Dumped run 14821
Info in <DumpRuns>: Dumped run 14822
Info in <DumpRuns>: Dumped run 14823
Info in <DumpRuns>: Dumped run 14824
Info in <DumpRuns>: Dumped run 14825
Info in <DumpRuns>: Dumped run 14826
Info in <DumpRuns>: Dumped run 14827
Info in <DumpRuns>: Dumped run 14828
Info in <DumpRuns>: Dumped run 14829
Info in <DumpRuns>: Dumped run 14830
Info in <DumpRuns>: Dumped run 14831
Info in <DumpRuns>: Dumped run 14832
Info in <DumpRuns>: Dumped run 14833
Info in <DumpRuns>: Dumped run 14834
Info in <DumpRuns>: Dumped run 14835
Info in <DumpRuns>: Dumped run 14836
Info in <DumpRuns>: Dumped run 14837
Info in <DumpRuns>: Dumped run 14838
Info in <DumpRuns>: Dumped run 14839
Info in <DumpRuns>: Dumped run 14840
Info in <DumpRuns>: Dumped run 14841
Info in <DumpRuns>: Dumped run 14842
Info in <DumpRuns>: Dumped run 14843
Info in <DumpRuns>: Dumped run 14844
Info in <DumpRuns>: Dumped run 14845
Info in <DumpRuns>: Dumped run 14846
Info in <DumpRuns>: Dumped run 14847
Info in <DumpRuns>: Dumped run 14848
Info in <DumpRuns>: Dumped run 14849
Info in <DumpRuns>: Dumped run 14850
Info in <DumpRuns>: Dumped run 14851
Info in <DumpRuns>: Dumped run 14852
Info in <DumpRuns>: Dumped run 14853
Info in <DumpRuns>: Dumped run 14854
Info in <DumpRuns>: Dumped run 14855
Info in <DumpRuns>: Dumped run 14856
Info in <DumpRuns>: Dumped run 14857
Info in <DumpRuns>: Dumped run 14858
Info in <DumpRuns>: Dumped run 14859
Info in <DumpRuns>: Dumped run 14860
Info in <DumpRuns>: Dumped run 14861
Info in <DumpRuns>: Dumped run 14862
Info in <DumpRuns>: Dumped run 14863
Info in <DumpRuns>: Dumped run 14864
Info in <DumpRuns>: Dumped run 14865
Info in <DumpRuns>: Dumped run 14866
Info in <DumpRuns>: Dumped run 14867
Info in <DumpRuns>: Dumped run 14868
Info in <DumpRuns>: Dumped run 14869
Info in <DumpRuns>: Dumped run 14870
Info in <DumpRuns>: Dumped run 14871
Info in <DumpRuns>: Dumped run 14872
Info in <DumpRuns>: Dumped run 14873
Info in <DumpRuns>: Dumped run 14874
Info in <DumpRuns>: Dumped run 14875
Info in <DumpRuns>: Dumped run 14876
Info in <DumpRuns>: Dumped run 14877
Info in <DumpRuns>: Dumped run 14878
Info in <DumpRuns>: Dumped run 14879
Info in <DumpRuns>: Dumped run 14880
Info in <DumpRuns>: Dumped run 14881
Info in <DumpRuns>: Dumped run 14882
Info in <DumpRuns>: Dumped run 14883
Info in <DumpRuns>: Dumped run 14884
Info in <DumpRuns>: Dumped run 14885
Info in <DumpRuns>: Dumped run 14886
Info in <DumpRuns>: Dumped run 14887
Info in <DumpRuns>: Dumped run 14888
Info in <DumpRuns>: Dumped run 14889
Info in <DumpRuns>: Dumped run 14890
Info in <DumpRuns>: Dumped run 14891
Info in <DumpRuns>: Dumped run 14892
Info in <DumpRuns>: Dumped run 14893
Info in <DumpRuns>: Dumped run 14894
Info in <DumpRuns>: Dumped run 14895
Info in <DumpRuns>: Dumped run 14896
Info in <DumpRuns>: Dumped run 14897
Info in <DumpRuns>: Dumped run 14898
Info in <DumpRuns>: Dumped run 14899
Info in <DumpRuns>: Dumped run 14900
Info in <DumpRuns>: Dumped run 14901
Info in <DumpRuns>: Dumped run 14902
Info in <DumpRuns>: Dumped run 14903
Info in <DumpRuns>: Dumped run 14904
Info in <DumpRuns>: Dumped run 14905
Info in <DumpRuns>: Dumped run 14906
Info in <DumpRuns>: Dumped run 14907
Info in <DumpRuns>: Dumped run 14908
Info in <DumpRuns>: Dumped run 14910
Info in <DumpRuns>: Dumped run 14911
Info in <DumpRuns>: Dumped run 14912
Info in <DumpRuns>: Dumped run 14913
Info in <DumpRuns>: Dumped run 14914
Info in <DumpRuns>: Dumped run 14915
Info in <DumpRuns>: Dumped run 14916
Info in <DumpRuns>: Dumped run 14917
Info in <DumpRuns>: Dumped run 14918
Info in <DumpRuns>: Dumped run 14919
Info in <DumpRuns>: Dumped run 14920
Info in <DumpRuns>: Dumped run 14921
Info in <DumpRuns>: Dumped run 14922
Info in <DumpRuns>: Dumped run 14923
Info in <DumpRuns>: Dumped run 14924
Info in <DumpRuns>: Dumped run 14925
Info in <DumpRuns>: Dumped run 14926
Info in <DumpRuns>: Dumped run 14927
Info in <DumpRuns>: Dumped run 14928
Info in <DumpRuns>: Dumped run 14929
Info in <DumpRuns>: Dumped run 14930
Info in <DumpRuns>: Dumped run 14931
Info in <DumpRuns>: Dumped run 14932
Info in <DumpRuns>: Dumped run 14933
Info in <DumpRuns>: Dumped run 14934
Info in <DumpRuns>: Dumped run 14935
Info in <DumpRuns>: Dumped run 14936
Info in <DumpRuns>: Dumped run 14937
Info in <DumpRuns>: Dumped run 14938
Info in <DumpRuns>: Dumped run 14939
Info in <DumpRuns>: Dumped run 14940
Info in <DumpRuns>: Dumped run 14941
Info in <DumpRuns>: Dumped run 14942
Info in <DumpRuns>: Dumped run 14943
Info in <DumpRuns>: Dumped run 14944
Info in <DumpRuns>: Dumped run 14945
Info in <DumpRuns>: Dumped run 14946
Info in <DumpRuns>: Dumped run 14947
Info in <DumpRuns>: Dumped run 14948
Info in <DumpRuns>: Dumped run 14949
Info in <DumpRuns>: Dumped run 14950
Info in <DumpRuns>: Dumped run 14951
Info in <DumpRuns>: Dumped run 14952
Info in <DumpRuns>: Dumped run 14954
Info in <DumpRuns>: Dumped run 14955
Info in <DumpRuns>: Dumped run 14956
Info in <DumpRuns>: Dumped run 14957
Info in <DumpRuns>: Dumped run 14958
Info in <DumpRuns>: Dumped run 14959
Info in <DumpRuns>: Dumped run 14960
Info in <DumpRuns>: Dumped run 14961
Info in <DumpRuns>: Dumped run 14962
Info in <DumpRuns>: Dumped run 14963
Info in <DumpRuns>: Dumped run 14964
Info in <DumpRuns>: Dumped run 14965
Info in <DumpRuns>: Dumped run 14966
Info in <DumpRuns>: Dumped run 14967
Info in <DumpRuns>: Dumped run 14968
Info in <DumpRuns>: Dumped run 14969
Info in <DumpRuns>: Dumped run 14970
Info in <DumpRuns>: Dumped run 14971
Info in <DumpRuns>: Dumped run 14972
Info in <DumpRuns>: Dumped run 14973
Info in <DumpRuns>: Dumped run 14974
Info in <DumpRuns>: Dumped run 14975
Info in <DumpRuns>: Dumped run 14976
Info in <DumpRuns>: Dumped run 14977
Info in <DumpRuns>: Dumped run 14978
Info in <DumpRuns>: Dumped run 14979
Info in <DumpRuns>: Dumped run 14980
Info in <DumpRuns>: Dumped run 14981
Info in <DumpRuns>: Dumped run 14982
Info in <DumpRuns>: Dumped run 14983
Info in <DumpRuns>: Dumped run 14984
Info in <DumpRuns>: Dumped run 14985
Info in <DumpRuns>: Dumped run 14986
Info in <DumpRuns>: Dumped run 14987
Info in <DumpRuns>: Dumped run 14988
Info in <DumpRuns>: Dumped run 14989
Info in <DumpRuns>: Dumped run 14990
Info in <DumpRuns>: Dumped run 14991
Info in <DumpRuns>: Dumped run 14992
Info in <DumpRuns>: Dumped run 14993
Info in <DumpRuns>: Dumped run 14994
Info in <DumpRuns>: Dumped run 14995
Info in <DumpRuns>: Dumped run 14996
Info in <DumpRuns>: Dumped run 14997
Info in <DumpRuns>: Dumped run 14998
Info in <DumpRuns>: Dumped run 14999
Info in <DumpRuns>: Dumped run 15000
Info in <DumpRuns>: Dumped run 15001
Info in <DumpRuns>: Dumped run 15002
Info in <DumpRuns>: Dumped run 15003
Info in <DumpRuns>: Dumped run 15004
Info in <DumpRuns>: Dumped run 15005
Info in <DumpRuns>: Dumped run 15006
Info in <DumpRuns>: Dumped run 15007
Info in <DumpRuns>: Dumped run 15008
Info in <DumpRuns>: Dumped run 15009
Info in <DumpRuns>: Dumped run 15010
Info in <DumpRuns>: Dumped run 15011
Info in <DumpRuns>: Dumped run 15012
Info in <DumpRuns>: Dumped run 15013
Info in <DumpRuns>: Dumped run 15014
Info in <DumpRuns>: Dumped run 15015
Info in <DumpRuns>: Dumped run 15016
Info in <DumpRuns>: Dumped run 15017
Info in <DumpRuns>: Dumped run 15018
Info in <DumpRuns>: Dumped run 15019
Info in <DumpRuns>: Dumped run 15020
Info in <DumpRuns>: Dumped run 15021
Info in <DumpRuns>: Dumped run 15022
Info in <DumpRuns>: Dumped run 15023
Info in <DumpRuns>: Dumped run 15024
Info in <DumpRuns>: Dumped run 15025
Info in <DumpRuns>: Dumped run 15026
Info in <DumpRuns>: Dumped run 15027
Info in <DumpRuns>: Dumped run 15028
Info in <DumpRuns>: Dumped run 15029
Info in <DumpRuns>: Dumped run 15030
Info in <DumpRuns>: Dumped run 15031
Info in <DumpRuns>: Dumped run 15032
Info in <DumpRuns>: Dumped run 15033
Info in <DumpRuns>: Dumped run 15034
Info in <DumpRuns>: Dumped run 15035
Info in <DumpRuns>: Dumped run 15036
Info in <DumpRuns>: Dumped run 15037
Info in <DumpRuns>: Dumped run 15038
Info in <DumpRuns>: Dumped run 15039
Info in <DumpRuns>: Dumped run 15040
Info in <DumpRuns>: Dumped run 15041
Info in <DumpRuns>: Dumped run 15042
Info in <DumpRuns>: Dumped run 15043
Info in <DumpRuns>: Dumped run 15044
Info in <DumpRuns>: Dumped run 15045
Info in <DumpRuns>: Dumped run 15046
Info in <DumpRuns>: Dumped run 15047
Info in <DumpRuns>: Dumped run 15048
Info in <DumpRuns>: Dumped run 15049
Info in <DumpRuns>: Dumped run 15050
Info in <DumpRuns>: Dumped run 15051
Info in <DumpRuns>: Dumped run 15052
Info in <DumpRuns>: Dumped run 15053
Info in <DumpRuns>: Dumped run 15054
Info in <DumpRuns>: Dumped run 15055
Info in <DumpRuns>: Dumped run 15056
Info in <DumpRuns>: Dumped run 15057
Info in <DumpRuns>: Dumped run 15058
Info in <DumpRuns>: Dumped run 15059
Info in <DumpRuns>: Dumped run 15060
Info in <DumpRuns>: Dumped run 15061
Info in <DumpRuns>: Dumped run 15062
Info in <DumpRuns>: Dumped run 15063
Info in <DumpRuns>: Dumped run 15064
Info in <DumpRuns>: Dumped run 15065
Info in <DumpRuns>: Dumped run 15066
Info in <DumpRuns>: Dumped run 15067
Info in <DumpRuns>: Dumped run 15068
Info in <DumpRuns>: Dumped run 15069
Info in <DumpRuns>: Dumped run 15070
Info in <DumpRuns>: Dumped run 15071
Info in <DumpRuns>: Dumped run 15072
Info in <DumpRuns>: Dumped run 15073
Info in <DumpRuns>: Dumped run 15074
Info in <DumpRuns>: Dumped run 15075
Info in <DumpRuns>: Dumped run 15076
Info in <DumpRuns>: Dumped run 15077
Info in <DumpRuns>: Dumped run 15078
Info in <DumpRuns>: Dumped run 15079
Info in <DumpRuns>: Dumped run 15080
Info in <DumpRuns>: Dumped run 15081
Info in <DumpRuns>: Dumped run 15082
Info in <DumpRuns>: Dumped run 15083
Info in <DumpRuns>: Dumped run 15084
Info in <DumpRuns>: Dumped run 15085
Info in <DumpRuns>: Dumped run 15086
Info in <DumpRuns>: Dumped run 15087
Info in <DumpRuns>: Dumped run 15088
Info in <DumpRuns>: Dumped run 15089
Info in <DumpRuns>: Dumped run 15090
Info in <DumpRuns>: Dumped run 15091
Info in <DumpRuns>: Dumped run 15092
Info in <DumpRuns>: Dumped run 15093
Info in <DumpRuns>: Dumped run 15094
Info in <DumpRuns>: Dumped run 15095
Info in <DumpRuns>: Dumped run 15096
Info in <DumpRuns>: Dumped run 15097
Info in <DumpRuns>: Dumped run 15098
Info in <DumpRuns>: Dumped run 15099
Info in <DumpRuns>: Dumped run 15100
Info in <DumpRuns>: Dumped run 15101
Info in <DumpRuns>: Dumped run 15102
Info in <DumpRuns>: Dumped run 15103
Info in <DumpRuns>: Dumped run 15104
Info in <DumpRuns>: Dumped run 15105
Info in <DumpRuns>: Dumped run 15106
Info in <DumpRuns>: Dumped run 15107
Info in <DumpRuns>: Dumped run 15108
Info in <DumpRuns>: Dumped run 15109
Info in <DumpRuns>: Dumped run 15110
Info in <DumpRuns>: Dumped run 15111
Info in <DumpRuns>: Dumped run 15112
Info in <DumpRuns>: Dumped run 15113
Info in <DumpRuns>: Dumped run 15114
Info in <DumpRuns>: Dumped run 15115
Info in <DumpRuns>: Dumped run 15116
Info in <DumpRuns>: Dumped run 15117
Info in <DumpRuns>: Dumped run 15118
Info in <DumpRuns>: Dumped run 15119
Info in <DumpRuns>: Dumped run 15120
Info in <DumpRuns>: Dumped run 15121
Info in <DumpRuns>: Dumped run 15122
Info in <DumpRuns>: Dumped run 15123
Info in <DumpRuns>: Dumped run 15124
Info in <DumpRuns>: Dumped run 15125
Info in <DumpRuns>: Dumped run 15126
Info in <DumpRuns>: Dumped run 15127
Info in <DumpRuns>: Dumped run 15128
Info in <DumpRuns>: Dumped run 15129
Info in <DumpRuns>: Dumped run 15130
Info in <DumpRuns>: Dumped run 15131
Info in <DumpRuns>: Dumped run 15132
Info in <DumpRuns>: Dumped run 15133
Info in <DumpRuns>: Dumped run 15134
Info in <DumpRuns>: Dumped run 15135
Info in <DumpRuns>: Dumped run 15136
Info in <DumpRuns>: Dumped run 15137
Info in <DumpRuns>: Dumped run 15138
Info in <DumpRuns>: Dumped run 15139
Info in <DumpRuns>: Dumped run 15140
Info in <DumpRuns>: Dumped run 15141
Info in <DumpRuns>: Dumped run 15142
Info in <DumpRuns>: Dumped run 15143
Info in <DumpRuns>: Dumped run 15144
Info in <DumpRuns>: Dumped run 15145
Info in <DumpRuns>: Dumped run 15146
Info in <DumpRuns>: Dumped run 15147
Info in <DumpRuns>: Dumped run 15148
Info in <DumpRuns>: Dumped run 15149
Info in <DumpRuns>: Dumped run 15150
Info in <DumpRuns>: Dumped run 15151
Info in <DumpRuns>: Dumped run 15152
Info in <DumpRuns>: Dumped run 15153
Info in <DumpRuns>: Dumped run 15154
Info in <DumpRuns>: Dumped run 15155
Info in <DumpRuns>: Dumped run 15156
Info in <DumpRuns>: Dumped run 15157
Info in <DumpRuns>: Dumped run 15158
Info in <DumpRuns>: Dumped run 15159
Info in <DumpRuns>: Dumped run 15160
Info in <DumpRuns>: Dumped run 15161
Info in <DumpRuns>: Dumped run 15162
Info in <DumpRuns>: Dumped run 15163
Info in <DumpRuns>: Dumped run 15164
Info in <DumpRuns>: Dumped run 15165
Info in <DumpRuns>: Dumped run 15166
Info in <DumpRuns>: Dumped run 15167
Info in <DumpRuns>: Dumped run 15168
Info in <DumpRuns>: Dumped run 15169
Info in <DumpRuns>: Dumped run 15170
Info in <DumpRuns>: Dumped run 15171
Info in <DumpRuns>: Dumped run 15172
Info in <DumpRuns>: Dumped run 15173
Info in <DumpRuns>: Dumped run 15174
Info in <DumpRuns>: Dumped run 15175
Info in <DumpRuns>: Dumped run 15176
Info in <DumpRuns>: Dumped run 15177
Info in <DumpRuns>: Dumped run 15178
Info in <DumpRuns>: Dumped run 15179
Info in <DumpRuns>: Dumped run 15180
Info in <DumpRuns>: Dumped run 15181
Info in <DumpRuns>: Dumped run 15182
Info in <DumpRuns>: Dumped run 15183
Info in <DumpRuns>: Dumped run 15184
Info in <DumpRuns>: Dumped run 15185
Info in <DumpRuns>: Dumped run 15186
Info in <DumpRuns>: Dumped run 15187
Info in <DumpRuns>: Dumped run 15188
Info in <DumpRuns>: Dumped run 15189
Info in <DumpRuns>: Dumped run 15190
Info in <DumpRuns>: Dumped run 15191
Info in <DumpRuns>: Dumped run 15192
Info in <DumpRuns>: Dumped run 15193
Info in <DumpRuns>: Dumped run 15194
Info in <DumpRuns>: Dumped run 15195
Info in <DumpRuns>: Dumped run 15196
Info in <DumpRuns>: Dumped run 15197
Info in <DumpRuns>: Dumped run 15198
Info in <DumpRuns>: Dumped run 15199
Info in <DumpRuns>: Dumped run 15200
Info in <DumpRuns>: Dumped run 15201
Info in <DumpRuns>: Dumped run 15202
Info in <DumpRuns>: Dumped run 15203
Info in <DumpRuns>: Dumped run 15204
Info in <DumpRuns>: Dumped run 15205
Info in <DumpRuns>: Dumped run 15206
Info in <DumpRuns>: Dumped run 15207
Info in <DumpRuns>: Dumped run 15208
Info in <DumpRuns>: Dumped run 15209
Info in <DumpRuns>: Dumped run 15210
Info in <DumpRuns>: Dumped run 15211
Info in <DumpRuns>: Dumped run 15212
Info in <DumpRuns>: Dumped run 15213
Info in <DumpRuns>: Dumped run 15214
Info in <DumpRuns>: Dumped run 15215
Info in <DumpRuns>: Dumped run 15216
Info in <DumpRuns>: Dumped run 15217
Info in <DumpRuns>: Dumped run 15218
Info in <DumpRuns>: Dumped run 15219
Info in <DumpRuns>: Dumped run 15220
Info in <DumpRuns>: Dumped run 15221
Info in <DumpRuns>: Dumped run 15222
Info in <DumpRuns>: Dumped run 15223
Info in <DumpRuns>: Dumped run 15224
Info in <DumpRuns>: Dumped run 15225
Info in <DumpRuns>: Dumped run 15226
Info in <DumpRuns>: Dumped run 15227
Info in <DumpRuns>: Dumped run 15228
Info in <DumpRuns>: Dumped run 15229
Info in <DumpRuns>: Dumped run 15230
Info in <DumpRuns>: Dumped run 15231
Info in <DumpRuns>: Dumped run 15232
Info in <DumpRuns>: Dumped run 15233
Info in <DumpRuns>: Dumped run 15234
Info in <DumpRuns>: Dumped run 15235
Info in <DumpRuns>: Dumped run 15236
Info in <DumpRuns>: Dumped run 15237
Info in <DumpRuns>: Dumped run 15238
Info in <DumpRuns>: Dumped run 15239
Info in <DumpRuns>: Dumped run 15240
Info in <DumpRuns>: Dumped run 15241
Info in <DumpRuns>: Dumped run 15242
Info in <DumpRuns>: Dumped run 15243
Info in <DumpRuns>: Dumped run 15244
Info in <DumpRuns>: Dumped run 15245
Info in <DumpRuns>: Dumped run 15246
Info in <DumpRuns>: Dumped run 15247
Info in <DumpRuns>: Dumped run 15248
Info in <DumpRuns>: Dumped run 15249
Info in <DumpRuns>: Dumped run 15250
Info in <DumpRuns>: Dumped run 15251
Info in <DumpRuns>: Dumped run 15252
Info in <DumpRuns>: Dumped run 15253
Info in <DumpRuns>: Dumped run 15254
Info in <DumpRuns>: Dumped run 15255
Info in <DumpRuns>: Dumped run 15256
Info in <DumpRuns>: Dumped run 15257
Info in <DumpRuns>: Dumped run 15258
Info in <DumpRuns>: Dumped run 15259
Info in <DumpRuns>: Dumped run 15260
Info in <DumpRuns>: Dumped run 15261
Info in <DumpRuns>: Dumped run 15262
Info in <DumpRuns>: Dumped run 15263
Info in <DumpRuns>: Dumped run 15264
Info in <DumpRuns>: Dumped run 15265
Info in <DumpRuns>: Dumped run 15266
Info in <DumpRuns>: Dumped run 15267
Info in <DumpRuns>: Dumped run 15268
Info in <DumpRuns>: Dumped run 15269
Info in <DumpRuns>: Dumped run 15270
Info in <DumpRuns>: Dumped run 15271
Info in <DumpRuns>: Dumped run 15272
Info in <DumpRuns>: Dumped run 15273
Info in <DumpRuns>: Dumped run 15274
Info in <DumpRuns>: Dumped run 15275
Info in <DumpRuns>: Dumped run 15276
Info in <DumpRuns>: Dumped run 15277
Info in <DumpRuns>: Dumped run 15278
Info in <DumpRuns>: Dumped run 15279
Info in <DumpRuns>: Dumped run 15280
Info in <DumpRuns>: Dumped run 15281
Info in <DumpRuns>: Dumped run 15282
Info in <DumpRuns>: Dumped run 15283
Info in <DumpRuns>: Dumped run 15284
Info in <DumpRuns>: Dumped run 15285
Info in <DumpRuns>: Dumped run 15286
Info in <DumpRuns>: Dumped run 15287
Info in <DumpRuns>: Dumped run 15288
Info in <DumpRuns>: Dumped run 15289
Info in <DumpRuns>: Dumped run 15290
Info in <DumpRuns>: Dumped run 15291
Info in <DumpRuns>: Dumped run 15292
Info in <DumpRuns>: Dumped run 15293
Info in <DumpRuns>: Dumped run 15294
Info in <DumpRuns>: Dumped run 15295
Info in <DumpRuns>: Dumped run 15296
Info in <DumpRuns>: Dumped run 15297
Info in <DumpRuns>: Dumped run 15298
Info in <DumpRuns>: Dumped run 15299
Info in <DumpRuns>: Dumped run 15300
Info in <DumpRuns>: Dumped run 15301
Info in <DumpRuns>: Dumped run 15302
Info in <DumpRuns>: Dumped run 15303
Info in <DumpRuns>: Dumped run 15304
Info in <DumpRuns>: Dumped run 15305
Info in <DumpRuns>: Dumped run 15306
Info in <DumpRuns>: Dumped run 15307
Info in <DumpRuns>: Dumped run 15308
Info in <DumpRuns>: Dumped run 15309
Info in <DumpRuns>: Dumped run 15310
Info in <DumpRuns>: Dumped run 15311
Info in <DumpRuns>: Dumped run 15312
Info in <DumpRuns>: Dumped run 15313
Info in <DumpRuns>: Dumped run 15314
Info in <DumpRuns>: Dumped run 15315
Info in <DumpRuns>: Dumped run 15316
Info in <DumpRuns>: Dumped run 15317
Info in <DumpRuns>: Dumped run 15318
Info in <DumpRuns>: Dumped run 15319
Info in <DumpRuns>: Dumped run 15320
Info in <DumpRuns>: Dumped run 15321
Info in <DumpRuns>: Dumped run 15322
Info in <DumpRuns>: Dumped run 15323
Info in <DumpRuns>: Dumped run 15324
Info in <DumpRuns>: Dumped run 15325
Info in <DumpRuns>: Dumped run 15326
Info in <DumpRuns>: Dumped run 15327
Info in <DumpRuns>: Dumped run 15328
Info in <DumpRuns>: Dumped run 15329
Info in <DumpRuns>: Dumped run 15330
Info in <DumpRuns>: Dumped run 15331
Info in <DumpRuns>: Dumped run 15332
Info in <DumpRuns>: Dumped run 15333
Info in <DumpRuns>: Dumped run 15334
Info in <DumpRuns>: Dumped run 15335
Info in <DumpRuns>: Dumped run 15336
Info in <DumpRuns>: Dumped run 15337
Info in <DumpRuns>: Dumped run 15338
Info in <DumpRuns>: Dumped run 15339
Info in <DumpRuns>: Dumped run 15340
Info in <DumpRuns>: Dumped run 15341
Info in <DumpRuns>: Dumped run 15342
Info in <DumpRuns>: Dumped run 15343
Info in <DumpRuns>: Dumped run 15344
Info in <DumpRuns>: Dumped run 15345
Info in <DumpRuns>: Dumped run 15346
Info in <DumpRuns>: Dumped run 15347
Info in <DumpRuns>: Dumped run 15348
Info in <DumpRuns>: Dumped run 15349
Info in <DumpRuns>: Dumped run 15350
Info in <DumpRuns>: Dumped run 15351
Info in <DumpRuns>: Dumped run 15352
Info in <DumpRuns>: Dumped run 15353
Info in <DumpRuns>: Dumped run 15354
Info in <DumpRuns>: Dumped run 15355
Info in <DumpRuns>: Dumped run 15356
Info in <DumpRuns>: Dumped run 15357
Info in <DumpRuns>: Dumped run 15358
Info in <DumpRuns>: Dumped run 15359
Info in <DumpRuns>: Dumped run 15360
Info in <DumpRuns>: Dumped run 15361
Info in <DumpRuns>: Dumped run 15362
Info in <DumpRuns>: Dumped run 15363
Info in <DumpRuns>: Dumped run 15364
Info in <DumpRuns>: Dumped run 15365
Info in <DumpRuns>: Dumped run 15366
Info in <DumpRuns>: Dumped run 15367
Info in <DumpRuns>: Dumped run 15368
Info in <DumpRuns>: Dumped run 15369
Info in <DumpRuns>: Dumped run 15370
Info in <DumpRuns>: Dumped run 15371
Info in <DumpRuns>: Dumped run 15372
Info in <DumpRuns>: Dumped run 15373
Info in <DumpRuns>: Dumped run 15374
Info in <DumpRuns>: Dumped run 15375
Info in <DumpRuns>: Dumped run 15376
Info in <DumpRuns>: Dumped run 15377
Info in <DumpRuns>: Dumped run 15378
Info in <DumpRuns>: Dumped run 15379
Info in <DumpRuns>: Dumped run 15380
Info in <DumpRuns>: Dumped run 15381
Info in <DumpRuns>: Dumped run 15382
Info in <DumpRuns>: Dumped run 15383
Info in <DumpRuns>: Dumped run 15384
Info in <DumpRuns>: Dumped run 15385
Info in <DumpRuns>: Dumped run 15386
Info in <DumpRuns>: Dumped run 15387
Info in <DumpRuns>: Dumped run 15388
Info in <DumpRuns>: Dumped run 15389
Info in <DumpRuns>: Dumped run 15390
Info in <DumpRuns>: Dumped run 15391
Info in <DumpRuns>: Dumped run 15392
Info in <DumpRuns>: Dumped run 15393
Info in <DumpRuns>: Dumped run 15394
Info in <DumpRuns>: Dumped run 15395
Info in <DumpRuns>: Dumped run 15396
Info in <DumpRuns>: Dumped run 15397
Info in <DumpRuns>: Dumped run 15398
Info in <DumpRuns>: Dumped run 15399
Info in <DumpRuns>: Dumped run 15400
Info in <DumpRuns>: Dumped run 15401
Info in <DumpRuns>: Dumped run 15402
Info in <DumpRuns>: Dumped run 15403
Info in <DumpRuns>: Dumped run 15404
Info in <DumpRuns>: Dumped run 15405
Info in <DumpRuns>: Dumped run 15406
Info in <DumpRuns>: Dumped run 15407
Info in <DumpRuns>: Dumped run 15408
Info in <DumpRuns>: Dumped run 15409
Info in <DumpRuns>: Dumped run 15410
Info in <DumpRuns>: Dumped run 15411
Info in <DumpRuns>: Dumped run 15412
Info in <DumpRuns>: Dumped run 15413
Info in <DumpRuns>: Dumped run 15414
Info in <DumpRuns>: Dumped run 15415
Info in <DumpRuns>: Dumped run 15416
Info in <DumpRuns>: Dumped run 15417
Info in <DumpRuns>: Dumped run 15418
Info in <DumpRuns>: Dumped run 15419
Info in <DumpRuns>: Dumped run 15420
Info in <DumpRuns>: Dumped run 15421
Info in <DumpRuns>: Dumped run 15422
Info in <DumpRuns>: Dumped run 15423
Info in <DumpRuns>: Dumped run 15424
Info in <DumpRuns>: Dumped run 15425
Info in <DumpRuns>: Dumped run 15426
Info in <DumpRuns>: Dumped run 15427
Info in <DumpRuns>: Dumped run 15428
Info in <DumpRuns>: Dumped run 15429
Info in <DumpRuns>: Dumped run 15430
Info in <DumpRuns>: Dumped run 15431
Info in <DumpRuns>: Dumped run 15432
Info in <DumpRuns>: Dumped run 15433
Info in <DumpRuns>: Dumped run 15434
Info in <DumpRuns>: Dumped run 15435
Info in <DumpRuns>: Dumped run 15436
Info in <DumpRuns>: Dumped run 15437
Info in <DumpRuns>: Dumped run 15438
Info in <DumpRuns>: Dumped run 15439
Info in <DumpRuns>: Dumped run 15440
Info in <DumpRuns>: Dumped run 15441
Info in <DumpRuns>: Dumped run 15442
Info in <DumpRuns>: Dumped run 15443
Info in <DumpRuns>: Dumped run 15444
Info in <DumpRuns>: Dumped run 15445
Info in <DumpRuns>: Dumped run 15446
Info in <DumpRuns>: Dumped run 15447
Info in <DumpRuns>: Dumped run 15448
Info in <DumpRuns>: Dumped run 15449
Info in <DumpRuns>: Dumped run 15450
Info in <DumpRuns>: Dumped run 15451
Info in <DumpRuns>: Dumped run 15452
Info in <DumpRuns>: Dumped run 15453
Info in <DumpRuns>: Dumped run 15454
Info in <DumpRuns>: Dumped run 15455
Info in <DumpRuns>: Dumped run 15456
Info in <DumpRuns>: Dumped run 15457
Info in <DumpRuns>: Dumped run 15458
Info in <DumpRuns>: Dumped run 15459
Info in <DumpRuns>: Dumped run 15460
Info in <DumpRuns>: Dumped run 15461
Info in <DumpRuns>: Dumped run 15462
Info in <DumpRuns>: Dumped run 15463
Info in <DumpRuns>: Dumped run 15464
Info in <DumpRuns>: Dumped run 15465
Info in <DumpRuns>: Dumped run 15466
Info in <DumpRuns>: Dumped run 15467
Info in <DumpRuns>: Dumped run 15468
Info in <DumpRuns>: Dumped run 15469
Info in <DumpRuns>: Dumped run 15470
Info in <DumpRuns>: Dumped run 15471
Info in <DumpRuns>: Dumped run 15472
Info in <DumpRuns>: Dumped run 15473
Info in <DumpRuns>: Dumped run 15474
Info in <DumpRuns>: Dumped run 15475
Info in <DumpRuns>: Dumped run 15476
Info in <DumpRuns>: Dumped run 15477
Info in <DumpRuns>: Dumped run 15478
Info in <DumpRuns>: Dumped run 15479
Info in <DumpRuns>: Dumped run 15480
Info in <DumpRuns>: Dumped run 15481
Info in <DumpRuns>: Dumped run 15482
Info in <DumpRuns>: Dumped run 15483
Info in <DumpRuns>: Dumped run 15484
Info in <DumpRuns>: Dumped run 15485
Info in <DumpRuns>: Dumped run 15486
Info in <DumpRuns>: Dumped run 15487
Info in <DumpRuns>: Dumped run 15488
Info in <DumpRuns>: Dumped run 15489
Info in <DumpRuns>: Dumped run 15490
Info in <DumpRuns>: Dumped run 15491
Info in <DumpRuns>: Dumped run 15492
Info in <DumpRuns>: Dumped run 15493
Info in <DumpRuns>: Dumped run 15494
Info in <DumpRuns>: Dumped run 15495
Info in <DumpRuns>: Dumped run 15496
Info in <DumpRuns>: Dumped run 15497
Info in <DumpRuns>: Dumped run 15498
Info in <DumpRuns>: Dumped run 15499
Info in <DumpRuns>: Dumped run 15500
Info in <DumpRuns>: Dumped run 15501
Info in <DumpRuns>: Dumped run 15502
Info in <DumpRuns>: Dumped run 15503
Info in <DumpRuns>: Dumped run 15504
Info in <DumpRuns>: Dumped run 15505
Info in <DumpRuns>: Dumped run 15506
Info in <DumpRuns>: Dumped run 15507
Info in <DumpRuns>: Dumped run 15508
Info in <DumpRuns>: Dumped run 15509
Info in <DumpRuns>: Dumped run 15510
Info in <DumpRuns>: Dumped run 15511
Info in <DumpRuns>: Dumped run 15512
Info in <DumpRuns>: Dumped run 15513
Info in <DumpRuns>: Dumped run 15514
Info in <DumpRuns>: Dumped run 15515
Info in <DumpRuns>: Dumped run 15516
Info in <DumpRuns>: Dumped run 15517
Info in <DumpRuns>: Dumped run 15518
Info in <DumpRuns>: Dumped run 15519
Info in <DumpRuns>: Dumped run 15520
Info in <DumpRuns>: Dumped run 15521
Info in <DumpRuns>: Dumped run 15522
Info in <DumpRuns>: Dumped run 15523
Info in <DumpRuns>: Dumped run 15524
Info in <DumpRuns>: Dumped run 15525
Info in <DumpRuns>: Dumped run 15526
Info in <DumpRuns>: Dumped run 15527
Info in <DumpRuns>: Dumped run 15528
Info in <DumpRuns>: Dumped run 15529
Info in <DumpRuns>: Dumped run 15530
Info in <DumpRuns>: Dumped run 15531
Info in <DumpRuns>: Dumped run 15532
Info in <DumpRuns>: Dumped run 15533
Info in <DumpRuns>: Dumped run 15534
Info in <DumpRuns>: Dumped run 15535
Info in <DumpRuns>: Dumped run 15536
Info in <DumpRuns>: Dumped run 15537
Info in <DumpRuns>: Dumped run 15538
Info in <DumpRuns>: Dumped run 15539
Info in <DumpRuns>: Dumped run 15540
Info in <DumpRuns>: Dumped run 15541
Info in <DumpRuns>: Dumped run 15542
Info in <DumpRuns>: Dumped run 15543
Info in <DumpRuns>: Dumped run 15544
Info in <DumpRuns>: Dumped run 15545
Info in <DumpRuns>: Dumped run 15546
Info in <DumpRuns>: Dumped run 15547
Info in <DumpRuns>: Dumped run 15548
Info in <DumpRuns>: Dumped run 15549
Info in <DumpRuns>: Dumped run 15550
Info in <DumpRuns>: Dumped run 15551
Info in <DumpRuns>: Dumped run 15552
Info in <DumpRuns>: Dumped run 15553
Info in <DumpRuns>: Dumped run 15554
Info in <DumpRuns>: Dumped run 15555
Info in <DumpRuns>: Dumped run 15556
Info in <DumpRuns>: Dumped run 15557
Info in <DumpRuns>: Dumped run 15558
Info in <DumpRuns>: Dumped run 15559
Info in <DumpRuns>: Dumped run 15560
Info in <DumpRuns>: Dumped run 15561
Info in <DumpRuns>: Dumped run 15562
Info in <DumpRuns>: Dumped run 15563
Info in <DumpRuns>: Dumped run 15564
Info in <DumpRuns>: Dumped run 15565
Info in <DumpRuns>: Dumped run 15566
Info in <DumpRuns>: Dumped run 15567
Info in <DumpRuns>: Dumped run 15568
Info in <DumpRuns>: Dumped run 15569
Info in <DumpRuns>: Dumped run 15570
Info in <DumpRuns>: Dumped run 15571
Info in <DumpRuns>: Dumped run 15572
Info in <DumpRuns>: Dumped run 15573
Info in <DumpRuns>: Dumped run 15574
Info in <DumpRuns>: Dumped run 15575
Info in <DumpRuns>: Dumped run 15576
Info in <DumpRuns>: Dumped run 15577
Info in <DumpRuns>: Dumped run 15578
Info in <DumpRuns>: Dumped run 15579
Info in <DumpRuns>: Dumped run 15580
Info in <DumpRuns>: Dumped run 15581
Info in <DumpRuns>: Dumped run 15582
Info in <DumpRuns>: Dumped run 15583
Info in <DumpRuns>: Dumped run 15584
Info in <DumpRuns>: Dumped run 15585
Info in <DumpRuns>: Dumped run 15586
Info in <DumpRuns>: Dumped run 15587
Info in <DumpRuns>: Dumped run 15588
Info in <DumpRuns>: Dumped run 15589
Info in <DumpRuns>: Dumped run 15590
Info in <DumpRuns>: Dumped run 15591
Info in <DumpRuns>: Dumped run 15592
Info in <DumpRuns>: Dumped run 15593
Info in <DumpRuns>: Dumped run 15594
Info in <DumpRuns>: Dumped run 15595
Info in <DumpRuns>: Dumped run 15596
Info in <DumpRuns>: Dumped run 15597
Info in <DumpRuns>: Dumped run 15598
Info in <DumpRuns>: Dumped run 15599
Info in <DumpRuns>: Dumped run 15600
Info in <DumpRuns>: Dumped run 15601
Info in <DumpRuns>: Dumped run 15602
Info in <DumpRuns>: Dumped run 15603
Info in <DumpRuns>: Dumped run 15604
Info in <DumpRuns>: Dumped run 15605
Info in <DumpRuns>: Dumped run 15606
Info in <DumpRuns>: Dumped run 15607
Info in <DumpRuns>: Dumped run 15608
Info in <DumpRuns>: Dumped run 15609
Info in <DumpRuns>: Dumped run 15610
Info in <DumpRuns>: Dumped run 15611
Info in <DumpRuns>: Dumped run 15612
Info in <DumpRuns>: Dumped run 15613
Info in <DumpRuns>: Dumped run 15614
Info in <DumpRuns>: Dumped run 15615
Info in <DumpRuns>: Dumped run 15616
Info in <DumpRuns>: Dumped run 15617
Info in <DumpRuns>: Dumped run 15618
Info in <DumpRuns>: Dumped run 15619
Info in <DumpRuns>: Dumped run 15620
Info in <DumpRuns>: Dumped run 15621
Info in <DumpRuns>: Dumped run 15622
Info in <DumpRuns>: Dumped run 15623
Info in <DumpRuns>: Dumped run 15624
Info in <DumpRuns>: Dumped run 15625
Info in <DumpRuns>: Dumped run 15626
Info in <DumpRuns>: Dumped run 15627
Info in <DumpRuns>: Dumped run 15628
Info in <DumpRuns>: Dumped run 15629
Info in <DumpRuns>: Dumped run 15630
Info in <DumpRuns>: Dumped run 15631
Info in <DumpRuns>: Dumped run 15632
Info in <DumpRuns>: Dumped run 15633
Info in <DumpRuns>: Dumped run 15634
Info in <DumpRuns>: Dumped run 15635
Info in <DumpRuns>: Dumped run 15636
Info in <DumpRuns>: Dumped run 15637
Info in <DumpRuns>: Dumped run 15638
Info in <DumpRuns>: Dumped run 15639
Info in <DumpRuns>: Dumped run 15640
Info in <DumpRuns>: Dumped run 15641
Info in <DumpRuns>: Dumped run 15642
Info in <DumpRuns>: Dumped run 15643
Info in <DumpRuns>: Dumped run 15644
Info in <DumpRuns>: Dumped run 15645
Info in <DumpRuns>: Dumped run 15646
Info in <DumpRuns>: Dumped run 15647
Info in <DumpRuns>: Dumped run 15648
Info in <DumpRuns>: Dumped run 15649
Info in <DumpRuns>: Dumped run 15650
Info in <DumpRuns>: Dumped run 15651
Info in <DumpRuns>: Dumped run 15652
Info in <DumpRuns>: Dumped run 15653
Info in <DumpRuns>: Dumped run 15654
Info in <DumpRuns>: Dumped run 15655
Info in <DumpRuns>: Dumped run 15656
Info in <DumpRuns>: Dumped run 15657
Info in <DumpRuns>: Dumped run 15658
Info in <DumpRuns>: Dumped run 15659
Info in <DumpRuns>: Dumped run 15660
Info in <DumpRuns>: Dumped run 15661
Info in <DumpRuns>: Dumped run 15662
Info in <DumpRuns>: Dumped run 15663
Info in <DumpRuns>: Dumped run 15664
Info in <DumpRuns>: Dumped run 15665
Info in <DumpRuns>: Dumped run 15666
Info in <DumpRuns>: Dumped run 15667
Info in <DumpRuns>: Dumped run 15668
Info in <DumpRuns>: Dumped run 15669
Info in <DumpRuns>: Dumped run 15670
Info in <DumpRuns>: Dumped run 15671
Info in <DumpRuns>: Dumped run 15672
Info in <DumpRuns>: Dumped run 15673
Info in <DumpRuns>: Dumped run 15674
Info in <DumpRuns>: Dumped run 15675
Info in <DumpRuns>: Dumped run 15676
Info in <DumpRuns>: Dumped run 15677
Info in <DumpRuns>: Dumped run 15678
Info in <DumpRuns>: Dumped run 15679
Info in <DumpRuns>: Dumped run 15680
Info in <DumpRuns>: Dumped run 15681
Info in <DumpRuns>: Dumped run 15682
Info in <DumpRuns>: Dumped run 15683
Info in <DumpRuns>: Dumped run 15684
Info in <DumpRuns>: Dumped run 15685
Info in <DumpRuns>: Dumped run 15686
Info in <DumpRuns>: Dumped run 15687
Info in <DumpRuns>: Dumped run 15688
Info in <DumpRuns>: Dumped run 15689
Info in <DumpRuns>: Dumped run 15690
Info in <DumpRuns>: Dumped run 15691
Info in <DumpRuns>: Dumped run 15692
Info in <DumpRuns>: Dumped run 15693
Info in <DumpRuns>: Dumped run 15694
Info in <DumpRuns>: Dumped run 15695
Info in <DumpRuns>: Dumped run 15696
Info in <DumpRuns>: Dumped run 15697
Info in <DumpRuns>: Dumped run 15698
Info in <DumpRuns>: Dumped run 15699
Info in <DumpRuns>: Dumped run 15700
Info in <DumpRuns>: Dumped run 15701
Info in <DumpRuns>: Dumped run 15702
Info in <DumpRuns>: Dumped run 15703
Info in <DumpRuns>: Dumped run 15704
Info in <DumpRuns>: Dumped run 15705
Info in <DumpRuns>: Dumped run 15706
Info in <DumpRuns>: Dumped run 15707
Info in <DumpRuns>: Dumped run 15708
Info in <DumpRuns>: Dumped run 15709
Info in <DumpRuns>: Dumped run 15710
Info in <DumpRuns>: Dumped run 15711
Info in <DumpRuns>: Dumped run 15712
Info in <DumpRuns>: Dumped run 15713
Info in <DumpRuns>: Dumped run 15714
Info in <DumpRuns>: Dumped run 15715
Info in <DumpRuns>: Dumped run 15716
Info in <DumpRuns>: Dumped run 15717
Info in <DumpRuns>: Dumped run 15718
Info in <DumpRuns>: Dumped run 15719
Info in <DumpRuns>: Dumped run 15720
Info in <DumpRuns>: Dumped run 15721
Info in <DumpRuns>: Dumped run 15722
Info in <DumpRuns>: Dumped run 15723
Info in <DumpRuns>: Dumped run 15724
Info in <DumpRuns>: Dumped run 15725
Info in <DumpRuns>: Dumped run 15726
Info in <DumpRuns>: Dumped run 15727
Info in <DumpRuns>: Dumped run 15728
Info in <DumpRuns>: Dumped run 15729
Info in <DumpRuns>: Dumped run 15730
Info in <DumpRuns>: Dumped run 15731
Info in <DumpRuns>: Dumped run 15732
Info in <DumpRuns>: Dumped run 15733
Info in <DumpRuns>: Dumped run 15734
Info in <DumpRuns>: Dumped run 15735
Info in <DumpRuns>: Dumped run 15736
Info in <DumpRuns>: Dumped run 15737
Info in <DumpRuns>: Dumped run 15738
Info in <DumpRuns>: Dumped run 15739
Info in <DumpRuns>: Dumped run 15740
Info in <DumpRuns>: Dumped run 15741
Info in <DumpRuns>: Dumped run 15742
Info in <DumpRuns>: Dumped run 15743
Info in <DumpRuns>: Dumped run 15744
Info in <DumpRuns>: Dumped run 15745
Info in <DumpRuns>: Dumped run 15746
Info in <DumpRuns>: Dumped run 15747
Info in <DumpRuns>: Dumped run 15748
Info in <DumpRuns>: Dumped run 15749
Info in <DumpRuns>: Dumped run 15750
Info in <DumpRuns>: Dumped run 15751
Info in <DumpRuns>: Dumped run 15752
Info in <DumpRuns>: Dumped run 15753
Info in <DumpRuns>: Dumped run 15754
Info in <DumpRuns>: Dumped run 15755
Info in <DumpRuns>: Dumped run 15756
Info in <DumpRuns>: Dumped run 15757
Info in <DumpRuns>: Dumped run 15758
Info in <DumpRuns>: Dumped run 15759
Info in <DumpRuns>: Dumped run 15760
Info in <DumpRuns>: Dumped run 15761
Info in <DumpRuns>: Dumped run 15762
Info in <DumpRuns>: Dumped run 15763
Info in <DumpRuns>: Dumped run 15764
Info in <DumpRuns>: Dumped run 15765
Info in <DumpRuns>: Dumped run 15766
Info in <DumpRuns>: Dumped run 15767
Info in <DumpRuns>: Dumped run 15768
Info in <DumpRuns>: Dumped run 15769
Info in <DumpRuns>: Dumped run 15770
Info in <DumpRuns>: Dumped run 15771
Info in <DumpRuns>: Dumped run 15772
Info in <DumpRuns>: Dumped run 15773
Info in <DumpRuns>: Dumped run 15774
Info in <DumpRuns>: Dumped run 15775
Info in <DumpRuns>: Dumped run 15776
Info in <DumpRuns>: Dumped run 15777
Info in <DumpRuns>: Dumped run 15778
Info in <DumpRuns>: Dumped run 15779
Info in <DumpRuns>: Dumped run 15780
Info in <DumpRuns>: Dumped run 15781
Info in <DumpRuns>: Dumped run 15782
Info in <DumpRuns>: Dumped run 15783
Info in <DumpRuns>: Dumped run 15784
Info in <DumpRuns>: Dumped run 15785
Info in <DumpRuns>: Dumped run 15786
Info in <DumpRuns>: Dumped run 15787
Info in <DumpRuns>: Dumped run 15788
Info in <DumpRuns>: Dumped run 15789
Info in <DumpRuns>: Dumped run 15790
Info in <DumpRuns>: Dumped run 15791
Info in <DumpRuns>: Dumped run 15792
Info in <DumpRuns>: Dumped run 15793
Info in <DumpRuns>: Dumped run 15794
Info in <DumpRuns>: Dumped run 15795
Info in <DumpRuns>: Dumped run 15796
Info in <DumpRuns>: Dumped run 15797
Info in <DumpRuns>: Dumped run 15798
Info in <DumpRuns>: Dumped run 15799
Info in <DumpRuns>: Dumped run 15800
Info in <DumpRuns>: Dumped run 15801
Info in <DumpRuns>: Dumped run 15802
Info in <DumpRuns>: Dumped run 15803
Info in <DumpRuns>: Dumped run 15804
Info in <DumpRuns>: Dumped run 15805
Info in <DumpRuns>: Dumped run 15806
Info in <DumpRuns>: Dumped run 15807
Info in <DumpRuns>: Dumped run 15808
Info in <DumpRuns>: Dumped run 15809
Info in <DumpRuns>: Dumped run 15810
Info in <DumpRuns>: Dumped run 15811
Info in <DumpRuns>: Dumped run 15812
Info in <DumpRuns>: Dumped run 15813
Info in <DumpRuns>: Dumped run 15814
Info in <DumpRuns>: Dumped run 15815
Info in <DumpRuns>: Dumped run 15816
Info in <DumpRuns>: Dumped run 15817
Info in <DumpRuns>: Dumped run 15818
Info in <DumpRuns>: Dumped run 15819
Info in <DumpRuns>: Dumped run 15820
Info in <DumpRuns>: Dumped run 15821
Info in <DumpRuns>: Dumped run 15822
Info in <DumpRuns>: Dumped run 15823
Info in <DumpRuns>: Dumped run 15824
Info in <DumpRuns>: Dumped run 15825
Info in <DumpRuns>: Dumped run 15826
Info in <DumpRuns>: Dumped run 15827
Info in <DumpRuns>: Dumped run 15828
Info in <DumpRuns>: Dumped run 15829
Info in <DumpRuns>: Dumped run 15830
Info in <DumpRuns>: Dumped run 15831
Info in <DumpRuns>: Dumped run 15832
Info in <DumpRuns>: Dumped run 15833
Info in <DumpRuns>: Dumped run 15834
Info in <DumpRuns>: Dumped run 15835
Info in <DumpRuns>: Dumped run 15836
Info in <DumpRuns>: Dumped run 15837
Info in <DumpRuns>: Dumped run 15838
Info in <DumpRuns>: Dumped run 15839
Info in <DumpRuns>: Dumped run 15840
Info in <DumpRuns>: Dumped run 15841
Info in <DumpRuns>: Dumped run 15842
Info in <DumpRuns>: Dumped run 15843
Info in <DumpRuns>: Dumped run 15844
Info in <DumpRuns>: Dumped run 15845
Info in <DumpRuns>: Dumped run 15846
Info in <DumpRuns>: Dumped run 15847
Info in <DumpRuns>: Dumped run 15848
Info in <DumpRuns>: Dumped run 15849
Info in <DumpRuns>: Dumped run 15850
Info in <DumpRuns>: Dumped run 15851
Info in <DumpRuns>: Dumped run 15852
Info in <DumpRuns>: Dumped run 15853
Info in <DumpRuns>: Dumped run 15854
Info in <DumpRuns>: Dumped run 15855
Info in <DumpRuns>: Dumped run 15856
Info in <DumpRuns>: Dumped run 15857
Info in <DumpRuns>: Dumped run 15858
Info in <DumpRuns>: Dumped run 15859
Info in <DumpRuns>: Dumped run 15860
Info in <DumpRuns>: Dumped run 15861
Info in <DumpRuns>: Dumped run 15862
Info in <DumpRuns>: Dumped run 15863
Info in <DumpRuns>: Dumped run 15864
Info in <DumpRuns>: Dumped run 15865
Info in <DumpRuns>: Dumped run 15866
Info in <DumpRuns>: Dumped run 15867
Info in <DumpRuns>: Dumped run 15868
Info in <DumpRuns>: Dumped run 15869
Info in <DumpRuns>: Dumped run 15870
Info in <DumpRuns>: Dumped run 15871
Info in <DumpRuns>: Dumped run 15872
Info in <DumpRuns>: Dumped run 15873
Info in <DumpRuns>: Dumped run 15874
Info in <DumpRuns>: Dumped run 15875
Info in <DumpRuns>: Dumped run 15876
Info in <DumpRuns>: Dumped run 15877
Info in <DumpRuns>: Dumped run 15878
Info in <DumpRuns>: Dumped run 15879
Info in <DumpRuns>: Dumped run 15880
Info in <DumpRuns>: Dumped run 15881
Info in <DumpRuns>: Dumped run 15882
Info in <DumpRuns>: Dumped run 15883
Info in <DumpRuns>: Dumped run 15949
Info in <DumpRuns>: Dumped run 15950
Info in <DumpRuns>: Dumped run 15951
Info in <DumpRuns>: Dumped run 15952
Info in <DumpRuns>: Dumped run 15953
Info in <DumpRuns>: Dumped run 15954
Info in <DumpRuns>: Dumped run 15955
Info in <DumpRuns>: Dumped run 15956
Info in <DumpRuns>: Dumped run 15957
Info in <DumpRuns>: Dumped run 15958
Info in <DumpRuns>: Dumped run 15959
Info in <DumpRuns>: Dumped run 15960
Info in <DumpRuns>: Dumped run 15961
Info in <DumpRuns>: Dumped run 15962
Info in <DumpRuns>: Dumped run 15963
Info in <DumpRuns>: Dumped run 15964
Info in <DumpRuns>: Dumped run 15965
Info in <DumpRuns>: Dumped run 15966
Info in <DumpRuns>: Dumped run 15967
Info in <DumpRuns>: Dumped run 15968
Info in <DumpRuns>: Dumped run 15969
Info in <DumpRuns>: Dumped run 15970
Info in <DumpRuns>: Dumped run 15971
Info in <DumpRuns>: Dumped run 15972
Info in <DumpRuns>: Dumped run 15973
Info in <DumpRuns>: Dumped run 15974
Info in <DumpRuns>: Dumped run 15975
Info in <DumpRuns>: Dumped run 15976
Info in <DumpRuns>: Dumped run 15977
Info in <DumpRuns>: Dumped run 15978
Info in <DumpRuns>: Dumped run 15979
Info in <DumpRuns>: Dumped run 15980
Info in <DumpRuns>: Dumped run 15982
Info in <DumpRuns>: Dumped run 15983
Info in <DumpRuns>: Dumped run 15984
Info in <DumpRuns>: Dumped run 15986
Info in <DumpRuns>: Dumped run 15987
Info in <DumpRuns>: Dumped run 15988
Info in <DumpRuns>: Dumped run 15989
Info in <DumpRuns>: Dumped run 15990
Info in <DumpRuns>: Dumped run 15991
Info in <DumpRuns>: Dumped run 15992
Info in <DumpRuns>: Dumped run 15993
Info in <DumpRuns>: Dumped run 15994
Info in <DumpRuns>: Dumped run 15995
Info in <DumpRuns>: Dumped run 15996
Info in <DumpRuns>: Dumped run 15997
Info in <DumpRuns>: Dumped run 15998
Info in <DumpRuns>: Dumped run 15999
Info in <DumpRuns>: Dumped run 16000
Info in <DumpRuns>: Dumped run 16001
Info in <DumpRuns>: Dumped run 16002
Info in <DumpRuns>: Dumped run 16003
Info in <DumpRuns>: Dumped run 16004
Info in <DumpRuns>: Dumped run 16005
Info in <DumpRuns>: Dumped run 16006
Info in <DumpRuns>: Dumped run 16007
Info in <DumpRuns>: Dumped run 16008
Info in <DumpRuns>: Dumped run 16009
Info in <DumpRuns>: Dumped run 16010
Info in <DumpRuns>: Dumped run 16011
Info in <DumpRuns>: Dumped run 16012
Info in <DumpRuns>: Dumped run 16013
Info in <DumpRuns>: Dumped run 16014
Info in <DumpRuns>: Dumped run 16015
Info in <DumpRuns>: Dumped run 16016
Info in <DumpRuns>: Dumped run 16017
Info in <DumpRuns>: Dumped run 16018
Info in <DumpRuns>: Dumped run 16019
Info in <DumpRuns>: Dumped run 16020
Info in <DumpRuns>: Dumped run 16021
Info in <DumpRuns>: Dumped run 16022
Info in <DumpRuns>: Dumped run 16023
Info in <DumpRuns>: Dumped run 16024
Info in <DumpRuns>: Dumped run 16025
Info in <DumpRuns>: Dumped run 16026
Info in <DumpRuns>: Dumped run 16027
Info in <DumpRuns>: Dumped run 16028
Info in <DumpRuns>: Dumped run 16029
Info in <DumpRuns>: Dumped run 16030
Info in <DumpRuns>: Dumped run 16031
Info in <DumpRuns>: Dumped run 16032
Info in <DumpRuns>: Dumped run 16033
Info in <DumpRuns>: Dumped run 16034
Info in <DumpRuns>: Dumped run 16035
Info in <DumpRuns>: Dumped run 16036
Info in <DumpRuns>: Dumped run 16037
Info in <DumpRuns>: Dumped run 16038
Info in <DumpRuns>: Dumped run 16039
Info in <DumpRuns>: Dumped run 16040
Info in <DumpRuns>: Dumped run 16041
Info in <DumpRuns>: Dumped run 16042
Info in <DumpRuns>: Dumped run 16043
Info in <DumpRuns>: Dumped run 16044
Info in <DumpRuns>: Dumped run 16045
Info in <DumpRuns>: Dumped run 16046
Info in <DumpRuns>: Dumped run 16047
Info in <DumpRuns>: Dumped run 16048
Info in <DumpRuns>: Dumped run 16049
Info in <DumpRuns>: Dumped run 16050
Info in <DumpRuns>: Dumped run 16051
Info in <DumpRuns>: Dumped run 16052
Info in <DumpRuns>: Dumped run 16053
Info in <DumpRuns>: Dumped run 16054
Info in <DumpRuns>: Dumped run 16055
Info in <DumpRuns>: Dumped run 16056
Info in <DumpRuns>: Dumped run 16057
Info in <DumpRuns>: Dumped run 16058
Info in <DumpRuns>: Dumped run 16059
Info in <DumpRuns>: Dumped run 16060
Info in <DumpRuns>: Dumped run 16061
Info in <DumpRuns>: Dumped run 16062
Info in <DumpRuns>: Dumped run 16063
Info in <DumpRuns>: Dumped run 16064
Info in <DumpRuns>: Dumped run 16065
Info in <DumpRuns>: Dumped run 16066
Info in <DumpRuns>: Dumped run 16067
Info in <DumpRuns>: Dumped run 16068
Info in <DumpRuns>: Dumped run 16069
Info in <DumpRuns>: Dumped run 16070
Info in <DumpRuns>: Dumped run 16071
Info in <DumpRuns>: Dumped run 16072
Info in <DumpRuns>: Dumped run 16073
Info in <DumpRuns>: Dumped run 16074
Info in <DumpRuns>: Dumped run 16075
Info in <DumpRuns>: Dumped run 16076
Info in <DumpRuns>: Dumped run 16077
Info in <DumpRuns>: Dumped run 16078
Info in <DumpRuns>: Dumped run 16079
Info in <DumpRuns>: Dumped run 16080
Info in <DumpRuns>: Dumped run 16081
Info in <DumpRuns>: Dumped run 16082
Info in <DumpRuns>: Dumped run 16083
Info in <DumpRuns>: Dumped run 16084
Info in <DumpRuns>: Dumped run 16085
Info in <DumpRuns>: Dumped run 16086
Info in <DumpRuns>: Dumped run 16087
Info in <DumpRuns>: Dumped run 16088
Info in <DumpRuns>: Dumped run 16089
Info in <DumpRuns>: Dumped run 16090
Info in <DumpRuns>: Dumped run 16091
Info in <DumpRuns>: Dumped run 16092
Info in <DumpRuns>: Dumped run 16093
Info in <DumpRuns>: Dumped run 16094
Info in <DumpRuns>: Dumped run 16095
Info in <DumpRuns>: Dumped run 16096
Info in <DumpRuns>: Dumped run 16097
Info in <DumpRuns>: Dumped run 16098
Info in <DumpRuns>: Dumped run 16099
Info in <DumpRuns>: Dumped run 16100
Info in <DumpRuns>: Dumped run 16101
Info in <DumpRuns>: Dumped run 16102
Info in <DumpRuns>: Dumped run 16103
Info in <DumpRuns>: Dumped run 16104
Info in <DumpRuns>: Dumped run 16105
Info in <DumpRuns>: Dumped run 16106
Info in <DumpRuns>: Dumped run 16107
Info in <DumpRuns>: Dumped run 16108
Info in <DumpRuns>: Dumped run 16109
Info in <DumpRuns>: Dumped run 16110
Info in <DumpRuns>: Dumped run 16111
Info in <DumpRuns>: Dumped run 16112
Info in <DumpRuns>: Dumped run 16113
Info in <DumpRuns>: Dumped run 16114
Info in <DumpRuns>: Dumped run 16115
Info in <DumpRuns>: Dumped run 16116
Info in <DumpRuns>: Dumped run 16117
Info in <DumpRuns>: Dumped run 16118
Info in <DumpRuns>: Dumped run 16119
Info in <DumpRuns>: Dumped run 16120
Info in <DumpRuns>: Dumped run 16121
Info in <DumpRuns>: Dumped run 16122
Info in <DumpRuns>: Dumped run 16123
Info in <DumpRuns>: Dumped run 16124
Info in <DumpRuns>: Dumped run 16125
Info in <DumpRuns>: Dumped run 16126
Info in <DumpRuns>: Dumped run 16127
Info in <DumpRuns>: Dumped run 16128
Info in <DumpRuns>: Dumped run 16129
Info in <DumpRuns>: Dumped run 16130
Info in <DumpRuns>: Dumped run 16195
Info in <DumpRuns>: Dumped run 16196
Info in <DumpRuns>: Dumped run 16198
Info in <DumpRuns>: Dumped run 16200
Info in <DumpRuns>: Dumped run 16201
Info in <DumpRuns>: Dumped run 16202
Info in <DumpRuns>: Dumped run 16203
Info in <DumpRuns>: Dumped run 16205
Info in <DumpRuns>: Dumped run 16206
Info in <DumpRuns>: Dumped run 16207
Info in <DumpRuns>: Dumped run 16208
Info in <DumpRuns>: Dumped run 16209
Info in <DumpRuns>: Dumped run 16210
Info in <DumpRuns>: Dumped run 16211
Info in <DumpRuns>: Dumped run 16212
Info in <DumpRuns>: Dumped run 16213
Info in <DumpRuns>: Dumped run 16214
Info in <DumpRuns>: Dumped run 16215
Info in <DumpRuns>: Dumped run 16216
Info in <DumpRuns>: Dumped run 16217
Info in <DumpRuns>: Dumped run 16218
Info in <DumpRuns>: Dumped run 16219
Info in <DumpRuns>: Dumped run 16220
Info in <DumpRuns>: Dumped run 16221
Info in <DumpRuns>: Dumped run 16222
Info in <DumpRuns>: Dumped run 16223
Info in <DumpRuns>: Dumped run 16224
Info in <DumpRuns>: Dumped run 16225
Info in <DumpRuns>: Dumped run 16226
Info in <DumpRuns>: Dumped run 16227
Info in <DumpRuns>: Dumped run 16228
Info in <DumpRuns>: Dumped run 16229
Info in <DumpRuns>: Dumped run 16230
Info in <DumpRuns>: Dumped run 16231
Info in <DumpRuns>: Dumped run 16232
Info in <DumpRuns>: Dumped run 16233
Info in <DumpRuns>: Dumped run 16234
Info in <DumpRuns>: Dumped run 16235
Info in <DumpRuns>: Dumped run 16236
Info in <DumpRuns>: Dumped run 16237
Info in <DumpRuns>: Dumped run 16238
Info in <DumpRuns>: Dumped run 16239
Info in <DumpRuns>: Dumped run 16240
Info in <DumpRuns>: Dumped run 16241
Info in <DumpRuns>: Dumped run 16242
Info in <DumpRuns>: Dumped run 16243
Info in <DumpRuns>: Dumped run 16244
Info in <DumpRuns>: Dumped run 16245
Info in <DumpRuns>: Dumped run 16246
Info in <DumpRuns>: Dumped run 16247
Info in <DumpRuns>: Dumped run 16248
Info in <DumpRuns>: Dumped run 16249
Info in <DumpRuns>: Dumped run 16250
Info in <DumpRuns>: Dumped run 16251
Info in <DumpRuns>: Dumped run 16252
Info in <DumpRuns>: Dumped run 16253
Info in <DumpRuns>: Dumped run 16254
Info in <DumpRuns>: Dumped run 16255
Info in <DumpRuns>: Dumped run 16256
Info in <DumpRuns>: Dumped run 16257
Info in <DumpRuns>: Dumped run 16258
Info in <DumpRuns>: Dumped run 16259
Info in <DumpRuns>: Dumped run 16260
Info in <DumpRuns>: Dumped run 16261
Info in <DumpRuns>: Dumped run 16262
Info in <DumpRuns>: Dumped run 16263
Info in <DumpRuns>: Dumped run 16264
Info in <DumpRuns>: Dumped run 16265
Info in <DumpRuns>: Dumped run 16266
Info in <DumpRuns>: Dumped run 16267
Info in <DumpRuns>: Dumped run 16268
Info in <DumpRuns>: Dumped run 16269
Info in <DumpRuns>: Dumped run 16270
Info in <DumpRuns>: Dumped run 16271
Info in <DumpRuns>: Dumped run 16272
Info in <DumpRuns>: Dumped run 16273
Info in <DumpRuns>: Dumped run 16274
Info in <DumpRuns>: Dumped run 16275
